#
# There is insufficient memory for the Java Runtime Environment to continue.
# Native memory allocation (malloc) failed to allocate 1517856 bytes for Chunk::new
# Possible reasons:
#   The system is out of physical RAM or swap space
#   The process is running with CompressedOops enabled, and the Java Heap may be blocking the growth of the native heap
# Possible solutions:
#   Reduce memory load on the system
#   Increase physical memory or swap space
#   Check if swap backing store is full
#   Decrease Java heap size (-Xmx/-Xms)
#   Decrease number of Java threads
#   Decrease Java thread stack sizes (-Xss)
#   Set larger code cache with -XX:ReservedCodeCacheSize=
#   JVM is running with Unscaled Compressed Oops mode in which the Java heap is
#     placed in the first 4GB address space. The Java Heap base address is the
#     maximum limit for the native heap growth. Please use -XX:HeapBaseMinAddress
#     to set the Java Heap base and to place the Java Heap above 4GB virtual address.
# This output file may be truncated or incomplete.
#
#  Out of Memory Error (allocation.cpp:389), pid=9648, tid=0x0000000000003c4c
#
# JRE version: OpenJDK Runtime Environment (8.0_242-b01) (build 1.8.0_242-release-1644-b01)
# Java VM: OpenJDK 64-Bit Server VM (25.242-b01 mixed mode windows-amd64 compressed oops)
# Failed to write core dump. Minidumps are not enabled by default on client versions of Windows
#

---------------  T H R E A D  ---------------

Current thread (0x000000001685a800):  JavaThread "C2 CompilerThread1" daemon [_thread_in_native, id=15436, stack(0x0000000017150000,0x0000000017250000)]

Stack: [0x0000000017150000,0x0000000017250000]
[error occurred during error reporting (printing stack bounds), id 0xc0000005]

Native frames: (J=compiled Java code, j=interpreted, Vv=VM code, C=native code)


Current CompileTask:
C2:3903454 25244       4       com.android.utils.PositionXmlParser::getPositionHelper (757 bytes)


---------------  P R O C E S S  ---------------

Java Threads: ( => current thread )
  0x000000001daf2000 JavaThread "WorkerExecutor Queue Thread 3" [_thread_blocked, id=11252, stack(0x000000002a4b0000,0x000000002a5b0000)]
  0x000000001daf5000 JavaThread "stdout" [_thread_in_native, id=604, stack(0x0000000029240000,0x0000000029340000)]
  0x000000001daf8000 JavaThread "stderr" [_thread_in_native, id=17444, stack(0x0000000029140000,0x0000000029240000)]
  0x000000001daf7800 JavaThread "stdout" [_thread_in_native, id=16316, stack(0x0000000029040000,0x0000000029140000)]
  0x000000001daf3000 JavaThread "stderr" [_thread_in_native, id=12384, stack(0x0000000028f40000,0x0000000029040000)]
  0x00000000216a1800 JavaThread "pool-12-thread-1" [_thread_blocked, id=12612, stack(0x0000000028bc0000,0x0000000028cc0000)]
  0x00000000216a0800 JavaThread "WorkerExecutor Queue Thread 2" [_thread_blocked, id=14980, stack(0x0000000028ac0000,0x0000000028bc0000)]
  0x000000002169a800 JavaThread "WorkerExecutor Queue" [_thread_blocked, id=4948, stack(0x00000000289c0000,0x0000000028ac0000)]
  0x000000002169d800 JavaThread "Cache worker for execution history cache (C:\Users\user\AndroidStudioProjects\CookBaB\.gradle\6.1.1\executionHistory)" [_thread_blocked, id=9884, stack(0x00000000288c0000,0x00000000289c0000)]
  0x000000002169c000 JavaThread "Execution worker for ':' Thread 7" [_thread_blocked, id=10304, stack(0x00000000287c0000,0x00000000288c0000)]
  0x000000002169c800 JavaThread "Execution worker for ':' Thread 6" [_thread_blocked, id=18172, stack(0x00000000286c0000,0x00000000287c0000)]
  0x000000002169b000 JavaThread "Execution worker for ':' Thread 5" [_thread_blocked, id=4876, stack(0x00000000284c0000,0x00000000285c0000)]
  0x0000000021693000 JavaThread "Execution worker for ':' Thread 4" [_thread_blocked, id=3744, stack(0x0000000027f20000,0x0000000028020000)]
  0x0000000021699800 JavaThread "Execution worker for ':' Thread 3" [_thread_blocked, id=1576, stack(0x0000000027e20000,0x0000000027f20000)]
  0x0000000021692000 JavaThread "Execution worker for ':' Thread 2" [_thread_blocked, id=6328, stack(0x0000000027700000,0x0000000027800000)]
  0x0000000021697800 JavaThread "Execution worker for ':'" [_thread_blocked, id=17468, stack(0x0000000027000000,0x0000000027100000)]
  0x0000000021695000 JavaThread "Cache worker for file content cache (C:\Users\user\AndroidStudioProjects\CookBaB\.gradle\6.1.1\fileContent)" [_thread_blocked, id=13012, stack(0x0000000024360000,0x0000000024460000)]
  0x0000000021696800 JavaThread "Cache worker for Build Output Cleanup Cache (C:\Users\user\AndroidStudioProjects\CookBaB\.gradle\buildOutputCleanup)" [_thread_blocked, id=8332, stack(0x0000000024010000,0x0000000024110000)]
  0x000000001c4ff000 JavaThread "Build operations Thread 8" [_thread_blocked, id=11520, stack(0x0000000023c60000,0x0000000023d60000)]
  0x000000001c500000 JavaThread "Build operations Thread 7" [_thread_blocked, id=11812, stack(0x0000000023b60000,0x0000000023c60000)]
  0x000000001c4fd800 JavaThread "Build operations Thread 6" [_thread_blocked, id=17452, stack(0x0000000023a60000,0x0000000023b60000)]
  0x000000001c501800 JavaThread "Build operations Thread 5" [_thread_blocked, id=18148, stack(0x00000000231f0000,0x00000000232f0000)]
  0x000000001c4fc000 JavaThread "Build operations Thread 4" [_thread_blocked, id=4324, stack(0x00000000226f0000,0x00000000227f0000)]
  0x000000001c4fd000 JavaThread "Build operations Thread 3" [_thread_blocked, id=13652, stack(0x0000000021020000,0x0000000021120000)]
  0x000000001c4fe800 JavaThread "Build operations Thread 2" [_thread_blocked, id=4080, stack(0x0000000020f20000,0x0000000021020000)]
  0x000000001c4fb800 JavaThread "Build operations" [_thread_blocked, id=16024, stack(0x000000001d670000,0x000000001d770000)]
  0x000000001c4fa800 JavaThread "Cache worker for cache directory md-rule (C:\Users\user\.gradle\caches\6.1.1\md-rule)" [_thread_blocked, id=3424, stack(0x000000001d370000,0x000000001d470000)]
  0x000000001c500800 JavaThread "Cache worker for cache directory md-supplier (C:\Users\user\.gradle\caches\6.1.1\md-supplier)" [_thread_blocked, id=6752, stack(0x000000001abd0000,0x000000001acd0000)]
  0x000000001c4f3000 JavaThread "Cache worker for file hash cache (C:\Users\user\AndroidStudioProjects\CookBaB\.gradle\6.1.1\fileHashes)" [_thread_blocked, id=11376, stack(0x000000001aad0000,0x000000001abd0000)]
  0x000000001c4f6000 JavaThread "Cache worker for checksums cache (C:\Users\user\AndroidStudioProjects\CookBaB\.gradle\checksums)" [_thread_blocked, id=10704, stack(0x000000001a9d0000,0x000000001aad0000)]
  0x000000001c4fa000 JavaThread "Thread-149" [_thread_blocked, id=6704, stack(0x000000001a8d0000,0x000000001a9d0000)]
  0x000000001c4f9000 JavaThread "Stdin handler" [_thread_blocked, id=16232, stack(0x000000001a7d0000,0x000000001a8d0000)]
  0x000000001c4f4000 JavaThread "Asynchronous log dispatcher for DefaultDaemonConnection: socket connection from /127.0.0.1:52924 to /127.0.0.1:53789" [_thread_blocked, id=9496, stack(0x000000001a4d0000,0x000000001a5d0000)]
  0x000000001c4f8800 JavaThread "Daemon worker Thread 5" [_thread_blocked, id=12280, stack(0x000000001a3d0000,0x000000001a4d0000)]
  0x000000001c4f7800 JavaThread "Cancel handler" [_thread_blocked, id=12652, stack(0x0000000001200000,0x0000000001300000)]
  0x000000001c4f2800 JavaThread "Handler for socket connection from /127.0.0.1:52924 to /127.0.0.1:53789" [_thread_in_native, id=3368, stack(0x0000000001100000,0x0000000001200000)]
  0x000000001c4f7000 JavaThread "Daemon Thread 5" [_thread_blocked, id=11784, stack(0x0000000001000000,0x0000000001100000)]
  0x000000001922a800 JavaThread "Cache worker for Java compile cache (C:\Users\user\.gradle\caches\6.1.1\javaCompile)" [_thread_blocked, id=13728, stack(0x0000000029340000,0x0000000029440000)]
  0x000000001b793000 JavaThread "Cache worker for file content cache (C:\Users\user\.gradle\caches\6.1.1\fileContent)" [_thread_blocked, id=1472, stack(0x00000000230f0000,0x00000000231f0000)]
  0x000000001b790000 JavaThread "Memory manager" [_thread_blocked, id=4844, stack(0x0000000022ff0000,0x00000000230f0000)]
  0x000000001922e000 JavaThread "Cache worker for execution history cache (C:\Users\user\.gradle\caches\6.1.1\executionHistory)" [_thread_blocked, id=14940, stack(0x000000001e9c0000,0x000000001eac0000)]
  0x000000001922f800 JavaThread "Cache worker for file hash cache (C:\Users\user\.gradle\caches\6.1.1\fileHashes)" [_thread_blocked, id=18136, stack(0x000000001b0d0000,0x000000001b1d0000)]
  0x0000000019229800 JavaThread "File lock request listener" [_thread_in_native, id=1264, stack(0x000000001afd0000,0x000000001b0d0000)]
  0x000000001921a000 JavaThread "Cache worker for journal cache (C:\Users\user\.gradle\caches\journal-1)" [_thread_blocked, id=16424, stack(0x000000001aed0000,0x000000001afd0000)]
  0x00000000190fa000 JavaThread "Daemon periodic checks" [_thread_blocked, id=17868, stack(0x000000001a2d0000,0x000000001a3d0000)]
  0x00000000190e2800 JavaThread "Incoming local TCP Connector on port 52924" [_thread_in_native, id=12472, stack(0x000000001a0f0000,0x000000001a1f0000)]
  0x0000000016930000 JavaThread "Daemon health stats" [_thread_blocked, id=3292, stack(0x0000000019ff0000,0x000000001a0f0000)]
  0x00000000168e6800 JavaThread "Service Thread" daemon [_thread_blocked, id=9484, stack(0x0000000017450000,0x0000000017550000)]
  0x0000000016860000 JavaThread "C1 CompilerThread3" daemon [_thread_blocked, id=18312, stack(0x0000000017350000,0x0000000017450000)]
  0x00000000167fb800 JavaThread "C2 CompilerThread2" daemon [_thread_blocked, id=13388, stack(0x0000000017250000,0x0000000017350000)]
=>0x000000001685a800 JavaThread "C2 CompilerThread1" daemon [_thread_in_native, id=15436, stack(0x0000000017150000,0x0000000017250000)]
  0x00000000167f9000 JavaThread "C2 CompilerThread0" daemon [_thread_blocked, id=8020, stack(0x0000000017050000,0x0000000017150000)]
  0x00000000167f7000 JavaThread "Attach Listener" daemon [_thread_blocked, id=18392, stack(0x0000000016f50000,0x0000000017050000)]
  0x0000000016850000 JavaThread "Signal Dispatcher" daemon [_thread_blocked, id=3508, stack(0x0000000016e50000,0x0000000016f50000)]
  0x00000000167e1000 JavaThread "Finalizer" daemon [_thread_blocked, id=15000, stack(0x0000000016cc0000,0x0000000016dc0000)]
  0x00000000167e0800 JavaThread "Reference Handler" daemon [_thread_blocked, id=7600, stack(0x0000000016bc0000,0x0000000016cc0000)]
  0x0000000002f8d800 JavaThread "main" [_thread_blocked, id=13600, stack(0x0000000002f90000,0x0000000003090000)]

Other Threads:
  0x00000000149f8000 VMThread [stack: 0x00000000166c0000,0x00000000167c0000] [id=4988]
  0x00000000168e7000 WatcherThread [stack: 0x0000000017550000,0x0000000017650000] [id=16188]

VM state:not at safepoint (normal execution)

VM Mutex/Monitor currently owned by a thread: None

heap address: 0x00000000e0000000, size: 512 MB, Compressed Oops mode: 32-bit
Narrow klass base: 0x0000000000000000, Narrow klass shift: 3
Compressed class space size: 1073741824 Address: 0x0000000100000000

Heap:
 PSYoungGen      total 112640K, used 58692K [0x00000000f5580000, 0x00000000ff100000, 0x0000000100000000)
  eden space 72192K, 65% used [0x00000000f5580000,0x00000000f83e51d0,0x00000000f9c00000)
  from space 40448K, 27% used [0x00000000fc980000,0x00000000fd46c168,0x00000000ff100000)
  to   space 43520K, 0% used [0x00000000f9c00000,0x00000000f9c00000,0x00000000fc680000)
 ParOldGen       total 226304K, used 67533K [0x00000000e0000000, 0x00000000edd00000, 0x00000000f5580000)
  object space 226304K, 29% used [0x00000000e0000000,0x00000000e41f3728,0x00000000edd00000)
 Metaspace       used 109394K, capacity 114326K, committed 116184K, reserved 1150976K
  class space    used 13927K, capacity 14872K, committed 15360K, reserved 1048576K

Card table byte_map: [0x0000000012550000,0x0000000012660000] byte_map_base: 0x0000000011e50000

Marking Bits: (ParMarkBitMap*) 0x000000006ffff030
 Begin Bits: [0x0000000012f10000, 0x0000000013710000)
 End Bits:   [0x0000000013710000, 0x0000000013f10000)

Polling page: 0x0000000000ef0000

CodeCache: size=245760Kb used=66833Kb max_used=67642Kb free=178926Kb
 bounds [0x0000000003190000, 0x0000000007450000, 0x0000000012190000]
 total_blobs=20827 nmethods=19869 adapters=867
 compilation: enabled

Compilation events (10 events):
Event: 3902.877 Thread 0x00000000167f9000 nmethod 25364 0x0000000006f149d0 code [0x0000000006f14bc0, 0x0000000006f158b0]
Event: 3902.877 Thread 0x00000000167f9000 25371       4       java.io.ObjectInputStream$HandleTable::finish (111 bytes)
Event: 3902.879 Thread 0x00000000167f9000 nmethod 25371 0x00000000046f5c90 code [0x00000000046f5de0, 0x00000000046f5f18]
Event: 3902.879 Thread 0x00000000167f9000 25372       4       java.io.ObjectInputStream$HandleTable::assign (48 bytes)
Event: 3902.885 Thread 0x00000000167f9000 nmethod 25372 0x0000000004962950 code [0x0000000004962ac0, 0x0000000004963118]
Event: 3902.885 Thread 0x00000000167f9000 25365       4       org.gradle.api.internal.tasks.properties.AbstractPropertyNode::getQualifiedPropertyName (38 bytes)
Event: 3902.888 Thread 0x00000000167f9000 nmethod 25365 0x00000000046f51d0 code [0x00000000046f5320, 0x00000000046f5598]
Event: 3902.888 Thread 0x00000000167f9000 25370       4       java.io.ObjectOutputStream$BlockDataOutputStream::writeShort (47 bytes)
Event: 3902.889 Thread 0x00000000167f9000 nmethod 25370 0x000000000668e050 code [0x000000000668e1a0, 0x000000000668e2b8]
Event: 3902.927 Thread 0x00000000167fb800 nmethod 25363 0x0000000006a7aed0 code [0x0000000006a7b200, 0x0000000006a7d5d0]

GC Heap History (10 events):
Event: 3479.681 GC heap before
{Heap before GC invocations=75 (full 5):
 PSYoungGen      total 67072K, used 66843K [0x00000000f5580000, 0x00000000ff900000, 0x0000000100000000)
  eden space 58880K, 100% used [0x00000000f5580000,0x00000000f8f00000,0x00000000f8f00000)
  from space 8192K, 97% used [0x00000000f8f00000,0x00000000f96c6e90,0x00000000f9700000)
  to   space 54272K, 0% used [0x00000000fc400000,0x00000000fc400000,0x00000000ff900000)
 ParOldGen       total 226304K, used 67493K [0x00000000e0000000, 0x00000000edd00000, 0x00000000f5580000)
  object space 226304K, 29% used [0x00000000e0000000,0x00000000e41e9728,0x00000000edd00000)
 Metaspace       used 108651K, capacity 113210K, committed 115928K, reserved 1150976K
  class space    used 13827K, capacity 14699K, committed 15360K, reserved 1048576K
Event: 3479.686 GC heap after
Heap after GC invocations=75 (full 5):
 PSYoungGen      total 113664K, used 6042K [0x00000000f5580000, 0x00000000ff680000, 0x0000000100000000)
  eden space 61952K, 0% used [0x00000000f5580000,0x00000000f5580000,0x00000000f9200000)
  from space 51712K, 11% used [0x00000000fc400000,0x00000000fc9e6b20,0x00000000ff680000)
  to   space 51200K, 0% used [0x00000000f9200000,0x00000000f9200000,0x00000000fc400000)
 ParOldGen       total 226304K, used 67501K [0x00000000e0000000, 0x00000000edd00000, 0x00000000f5580000)
  object space 226304K, 29% used [0x00000000e0000000,0x00000000e41eb728,0x00000000edd00000)
 Metaspace       used 108651K, capacity 113210K, committed 115928K, reserved 1150976K
  class space    used 13827K, capacity 14699K, committed 15360K, reserved 1048576K
}
Event: 3901.312 GC heap before
{Heap before GC invocations=76 (full 5):
 PSYoungGen      total 113664K, used 67994K [0x00000000f5580000, 0x00000000ff680000, 0x0000000100000000)
  eden space 61952K, 100% used [0x00000000f5580000,0x00000000f9200000,0x00000000f9200000)
  from space 51712K, 11% used [0x00000000fc400000,0x00000000fc9e6b20,0x00000000ff680000)
  to   space 51200K, 0% used [0x00000000f9200000,0x00000000f9200000,0x00000000fc400000)
 ParOldGen       total 226304K, used 67501K [0x00000000e0000000, 0x00000000edd00000, 0x00000000f5580000)
  object space 226304K, 29% used [0x00000000e0000000,0x00000000e41eb728,0x00000000edd00000)
 Metaspace       used 109252K, capacity 114170K, committed 115928K, reserved 1150976K
  class space    used 13920K, capacity 14860K, committed 15360K, reserved 1048576K
Event: 3901.317 GC heap after
Heap after GC invocations=76 (full 5):
 PSYoungGen      total 113152K, used 6706K [0x00000000f5580000, 0x00000000ff300000, 0x0000000100000000)
  eden space 61952K, 0% used [0x00000000f5580000,0x00000000f5580000,0x00000000f9200000)
  from space 51200K, 13% used [0x00000000f9200000,0x00000000f988ca00,0x00000000fc400000)
  to   space 48128K, 0% used [0x00000000fc400000,0x00000000fc400000,0x00000000ff300000)
 ParOldGen       total 226304K, used 67509K [0x00000000e0000000, 0x00000000edd00000, 0x00000000f5580000)
  object space 226304K, 29% used [0x00000000e0000000,0x00000000e41ed728,0x00000000edd00000)
 Metaspace       used 109252K, capacity 114170K, committed 115928K, reserved 1150976K
  class space    used 13920K, capacity 14860K, committed 15360K, reserved 1048576K
}
Event: 3901.623 GC heap before
{Heap before GC invocations=77 (full 5):
 PSYoungGen      total 113152K, used 68658K [0x00000000f5580000, 0x00000000ff300000, 0x0000000100000000)
  eden space 61952K, 100% used [0x00000000f5580000,0x00000000f9200000,0x00000000f9200000)
  from space 51200K, 13% used [0x00000000f9200000,0x00000000f988ca00,0x00000000fc400000)
  to   space 48128K, 0% used [0x00000000fc400000,0x00000000fc400000,0x00000000ff300000)
 ParOldGen       total 226304K, used 67509K [0x00000000e0000000, 0x00000000edd00000, 0x00000000f5580000)
  object space 226304K, 29% used [0x00000000e0000000,0x00000000e41ed728,0x00000000edd00000)
 Metaspace       used 109285K, capacity 114182K, committed 115928K, reserved 1150976K
  class space    used 13921K, capacity 14862K, committed 15360K, reserved 1048576K
Event: 3901.631 GC heap after
Heap after GC invocations=77 (full 5):
 PSYoungGen      total 109056K, used 10112K [0x00000000f5580000, 0x00000000fee00000, 0x0000000100000000)
  eden space 66048K, 0% used [0x00000000f5580000,0x00000000f5580000,0x00000000f9600000)
  from space 43008K, 23% used [0x00000000fc400000,0x00000000fcde0010,0x00000000fee00000)
  to   space 45056K, 0% used [0x00000000f9600000,0x00000000f9600000,0x00000000fc200000)
 ParOldGen       total 226304K, used 67517K [0x00000000e0000000, 0x00000000edd00000, 0x00000000f5580000)
  object space 226304K, 29% used [0x00000000e0000000,0x00000000e41ef728,0x00000000edd00000)
 Metaspace       used 109285K, capacity 114182K, committed 115928K, reserved 1150976K
  class space    used 13921K, capacity 14862K, committed 15360K, reserved 1048576K
}
Event: 3901.934 GC heap before
{Heap before GC invocations=78 (full 5):
 PSYoungGen      total 109056K, used 74809K [0x00000000f5580000, 0x00000000fee00000, 0x0000000100000000)
  eden space 66048K, 97% used [0x00000000f5580000,0x00000000f94ae478,0x00000000f9600000)
  from space 43008K, 23% used [0x00000000fc400000,0x00000000fcde0010,0x00000000fee00000)
  to   space 45056K, 0% used [0x00000000f9600000,0x00000000f9600000,0x00000000fc200000)
 ParOldGen       total 226304K, used 67517K [0x00000000e0000000, 0x00000000edd00000, 0x00000000f5580000)
  object space 226304K, 29% used [0x00000000e0000000,0x00000000e41ef728,0x00000000edd00000)
 Metaspace       used 109300K, capacity 114250K, committed 116184K, reserved 1150976K
  class space    used 13921K, capacity 14862K, committed 15360K, reserved 1048576K
Event: 3901.956 GC heap after
Heap after GC invocations=78 (full 5):
 PSYoungGen      total 111104K, used 24794K [0x00000000f5580000, 0x00000000ff700000, 0x0000000100000000)
  eden space 66048K, 0% used [0x00000000f5580000,0x00000000f5580000,0x00000000f9600000)
  from space 45056K, 55% used [0x00000000f9600000,0x00000000fae36988,0x00000000fc200000)
  to   space 46592K, 0% used [0x00000000fc980000,0x00000000fc980000,0x00000000ff700000)
 ParOldGen       total 226304K, used 67525K [0x00000000e0000000, 0x00000000edd00000, 0x00000000f5580000)
  object space 226304K, 29% used [0x00000000e0000000,0x00000000e41f1728,0x00000000edd00000)
 Metaspace       used 109300K, capacity 114250K, committed 116184K, reserved 1150976K
  class space    used 13921K, capacity 14862K, committed 15360K, reserved 1048576K
}
Event: 3902.430 GC heap before
{Heap before GC invocations=79 (full 5):
 PSYoungGen      total 111104K, used 90842K [0x00000000f5580000, 0x00000000ff700000, 0x0000000100000000)
  eden space 66048K, 100% used [0x00000000f5580000,0x00000000f9600000,0x00000000f9600000)
  from space 45056K, 55% used [0x00000000f9600000,0x00000000fae36988,0x00000000fc200000)
  to   space 46592K, 0% used [0x00000000fc980000,0x00000000fc980000,0x00000000ff700000)
 ParOldGen       total 226304K, used 67525K [0x00000000e0000000, 0x00000000edd00000, 0x00000000f5580000)
  object space 226304K, 29% used [0x00000000e0000000,0x00000000e41f1728,0x00000000edd00000)
 Metaspace       used 109364K, capacity 114292K, committed 116184K, reserved 1150976K
  class space    used 13924K, capacity 14867K, committed 15360K, reserved 1048576K
Event: 3902.439 GC heap after
Heap after GC invocations=79 (full 5):
 PSYoungGen      total 112640K, used 11184K [0x00000000f5580000, 0x00000000ff100000, 0x0000000100000000)
  eden space 72192K, 0% used [0x00000000f5580000,0x00000000f5580000,0x00000000f9c00000)
  from space 40448K, 27% used [0x00000000fc980000,0x00000000fd46c168,0x00000000ff100000)
  to   space 43520K, 0% used [0x00000000f9c00000,0x00000000f9c00000,0x00000000fc680000)
 ParOldGen       total 226304K, used 67533K [0x00000000e0000000, 0x00000000edd00000, 0x00000000f5580000)
  object space 226304K, 29% used [0x00000000e0000000,0x00000000e41f3728,0x00000000edd00000)
 Metaspace       used 109364K, capacity 114292K, committed 116184K, reserved 1150976K
  class space    used 13924K, capacity 14867K, committed 15360K, reserved 1048576K
}

Deoptimization events (10 events):
Event: 3901.809 Thread 0x000000002169c800 Uncommon trap: reason=bimorphic action=maybe_recompile pc=0x0000000006aaf374 method=com.android.ide.common.resources.configuration.FolderConfiguration.getQualifierString()Ljava/lang/String; @ 37
Event: 3901.899 Thread 0x000000002169c800 Uncommon trap: reason=null_check action=make_not_entrant pc=0x0000000006ab8594 method=com.android.ide.common.resources.NodeUtils.processSingleNodeNamespace(Lorg/w3c/dom/Node;Lorg/w3c/dom/Document;)Z @ 8
Event: 3902.076 Thread 0x000000001c4f8800 Uncommon trap: reason=null_check action=make_not_entrant pc=0x0000000006c8f508 method=com.android.manifmerger.XmlElement.<init>(Lorg/w3c/dom/Element;Lcom/android/manifmerger/XmlDocument;)V @ 86
Event: 3902.076 Thread 0x000000001c4f8800 Uncommon trap: reason=class_check action=maybe_recompile pc=0x0000000006c1fd20 method=com.sun.org.apache.xerces.internal.dom.NamedNodeMapImpl.getNamedItem(Ljava/lang/String;)Lorg/w3c/dom/Node; @ 28
Event: 3902.077 Thread 0x000000001c4f8800 Uncommon trap: reason=class_check action=maybe_recompile pc=0x0000000006c1fd20 method=com.sun.org.apache.xerces.internal.dom.NamedNodeMapImpl.getNamedItem(Ljava/lang/String;)Lorg/w3c/dom/Node; @ 28
Event: 3902.077 Thread 0x000000001c4f8800 Uncommon trap: reason=class_check action=maybe_recompile pc=0x0000000006c1fd20 method=com.sun.org.apache.xerces.internal.dom.NamedNodeMapImpl.getNamedItem(Ljava/lang/String;)Lorg/w3c/dom/Node; @ 28
Event: 3902.077 Thread 0x000000001c4f8800 Uncommon trap: reason=class_check action=maybe_recompile pc=0x0000000006c1fd20 method=com.sun.org.apache.xerces.internal.dom.NamedNodeMapImpl.getNamedItem(Ljava/lang/String;)Lorg/w3c/dom/Node; @ 28
Event: 3902.277 Thread 0x000000001c4f8800 Uncommon trap: reason=class_check action=maybe_recompile pc=0x0000000005d7fad0 method=com.sun.org.apache.xerces.internal.dom.AttrImpl.getOwnerElement()Lorg/w3c/dom/Element; @ 18
Event: 3902.280 Thread 0x000000001c4f8800 Uncommon trap: reason=bimorphic action=maybe_recompile pc=0x0000000005e37efc method=com.google.common.collect.ImmutableList$1.get(I)Ljava/lang/Object; @ 5
Event: 3902.280 Thread 0x000000001c4f8800 Uncommon trap: reason=bimorphic action=maybe_recompile pc=0x0000000005e37efc method=com.google.common.collect.ImmutableList$1.get(I)Ljava/lang/Object; @ 5

Classes redefined (0 events):
No events

Internal exceptions (10 events):
Event: 3901.036 Thread 0x000000001c4fa000 Exception <a 'java/lang/NoSuchMethodError': <clinit>> (0x00000000f712ab80) thrown at [C:\src\AOSP-openjdk-git\hotspot\src\share\vm\prims\jni.cpp, line 1615]
Event: 3901.170 Thread 0x000000001c4fa000 Exception <a 'java/lang/NoSuchMethodError': <clinit>> (0x00000000f7144580) thrown at [C:\src\AOSP-openjdk-git\hotspot\src\share\vm\prims\jni.cpp, line 1615]
Event: 3901.171 Thread 0x000000001c4fa000 Exception <a 'java/lang/NoSuchMethodError': <clinit>> (0x00000000f7c33400) thrown at [C:\src\AOSP-openjdk-git\hotspot\src\share\vm\prims\jni.cpp, line 1615]
Event: 3901.171 Thread 0x000000001c4fa000 Exception <a 'java/lang/NoSuchMethodError': <clinit>> (0x00000000f7c34888) thrown at [C:\src\AOSP-openjdk-git\hotspot\src\share\vm\prims\jni.cpp, line 1615]
Event: 3901.171 Thread 0x000000001c4fa000 Exception <a 'java/lang/NoSuchMethodError': <clinit>> (0x00000000f7c36180) thrown at [C:\src\AOSP-openjdk-git\hotspot\src\share\vm\prims\jni.cpp, line 1615]
Event: 3901.172 Thread 0x000000001c4fa000 Exception <a 'java/lang/NoSuchMethodError': <clinit>> (0x00000000f7c4c300) thrown at [C:\src\AOSP-openjdk-git\hotspot\src\share\vm\prims\jni.cpp, line 1615]
Event: 3901.173 Thread 0x000000001c4fa000 Exception <a 'java/lang/NoSuchMethodError': <clinit>> (0x00000000f7c864d8) thrown at [C:\src\AOSP-openjdk-git\hotspot\src\share\vm\prims\jni.cpp, line 1615]
Event: 3901.205 Thread 0x000000001c4f8800 Exception <a 'java/lang/ClassNotFoundException': groovy/runtime/metaclass/[Lcom/google/gms/googleservices/GoogleServicesPlugin$PluginType;MetaClass> (0x00000000f8022d88) thrown at [C:\src\AOSP-openjdk-git\hotspot\src\share\vm\prims\jni.cpp, line 737]
Event: 3901.554 Thread 0x000000002169c000 Implicit null exception at 0x0000000003cbafcb to 0x0000000003cbb051
Event: 3901.899 Thread 0x000000002169c800 Implicit null exception at 0x0000000006ab729b to 0x0000000006ab8585

Events (10 events):
Event: 3902.489 Executing VM operation: RevokeBias done
Event: 3902.731 Thread 0x000000001daf3000 Thread added: 0x000000001daf3000
Event: 3902.731 Thread 0x000000001daf7800 Thread added: 0x000000001daf7800
Event: 3902.768 Thread 0x000000001daf8000 Thread added: 0x000000001daf8000
Event: 3902.768 Thread 0x000000001daf5000 Thread added: 0x000000001daf5000
Event: 3902.828 loading class java/util/ArrayDeque$1
Event: 3902.829 loading class java/util/ArrayDeque$1 done
Event: 3902.865 Thread 0x000000001daf2000 Thread added: 0x000000001daf2000
Event: 3902.869 Executing VM operation: RevokeBias
Event: 3902.869 Executing VM operation: RevokeBias done


Dynamic libraries:
0x00007ff6980b0000 - 0x00007ff6980e1000 	C:\Program Files\Android\Android Studio\jre\bin\java.exe
0x00007ffcb5660000 - 0x00007ffcb5850000 	C:\WINDOWS\SYSTEM32\ntdll.dll
0x00007ffcb3d10000 - 0x00007ffcb3dc2000 	C:\WINDOWS\System32\KERNEL32.DLL
0x00007ffcb3140000 - 0x00007ffcb33e4000 	C:\WINDOWS\System32\KERNELBASE.dll
0x00007ffcb3f70000 - 0x00007ffcb4013000 	C:\WINDOWS\System32\ADVAPI32.dll
0x00007ffcb5500000 - 0x00007ffcb559e000 	C:\WINDOWS\System32\msvcrt.dll
0x00007ffcb4230000 - 0x00007ffcb42c7000 	C:\WINDOWS\System32\sechost.dll
0x00007ffcb5190000 - 0x00007ffcb52b0000 	C:\WINDOWS\System32\RPCRT4.dll
0x00007ffcb3dd0000 - 0x00007ffcb3f64000 	C:\WINDOWS\System32\USER32.dll
0x00007ffcb2840000 - 0x00007ffcb2861000 	C:\WINDOWS\System32\win32u.dll
0x00007ffcb42d0000 - 0x00007ffcb42f6000 	C:\WINDOWS\System32\GDI32.dll
0x00007ffcb3490000 - 0x00007ffcb3625000 	C:\WINDOWS\System32\gdi32full.dll
0x00007ffcb33f0000 - 0x00007ffcb348e000 	C:\WINDOWS\System32\msvcp_win.dll
0x00007ffcb25f0000 - 0x00007ffcb26ea000 	C:\WINDOWS\System32\ucrtbase.dll
0x00007ffc9c740000 - 0x00007ffc9c9c4000 	C:\WINDOWS\WinSxS\amd64_microsoft.windows.common-controls_6595b64144ccf1df_6.0.18362.900_none_e6beb9d913147d17\COMCTL32.dll
0x00007ffcb4620000 - 0x00007ffcb4955000 	C:\WINDOWS\System32\combase.dll
0x00007ffcb2920000 - 0x00007ffcb29a0000 	C:\WINDOWS\System32\bcryptPrimitives.dll
0x00007ffcb3b80000 - 0x00007ffcb3bae000 	C:\WINDOWS\System32\IMM32.DLL
0x000000006f620000 - 0x000000006f6f2000 	C:\Program Files\Android\Android Studio\jre\jre\bin\msvcr100.dll
0x000000006f830000 - 0x000000007007b000 	C:\Program Files\Android\Android Studio\jre\jre\bin\server\jvm.dll
0x00007ffcb53a0000 - 0x00007ffcb53a8000 	C:\WINDOWS\System32\PSAPI.DLL
0x00007ffca65e0000 - 0x00007ffca6604000 	C:\WINDOWS\SYSTEM32\WINMM.dll
0x00007ffcabbd0000 - 0x00007ffcabbda000 	C:\WINDOWS\SYSTEM32\VERSION.dll
0x00007ffc9cd00000 - 0x00007ffc9cd09000 	C:\WINDOWS\SYSTEM32\WSOCK32.dll
0x00007ffcb55b0000 - 0x00007ffcb561f000 	C:\WINDOWS\System32\WS2_32.dll
0x00007ffca6340000 - 0x00007ffca636d000 	C:\WINDOWS\SYSTEM32\winmmbase.dll
0x00007ffcb2870000 - 0x00007ffcb28ba000 	C:\WINDOWS\System32\cfgmgr32.dll
0x00007ffcaa130000 - 0x00007ffcaa13f000 	C:\Program Files\Android\Android Studio\jre\jre\bin\verify.dll
0x00007ffc85e70000 - 0x00007ffc85e99000 	C:\Program Files\Android\Android Studio\jre\jre\bin\java.dll
0x00007ffca8e30000 - 0x00007ffca8e46000 	C:\Program Files\Android\Android Studio\jre\jre\bin\zip.dll
0x00007ffcb4aa0000 - 0x00007ffcb5186000 	C:\WINDOWS\System32\SHELL32.dll
0x00007ffcb4510000 - 0x00007ffcb45b9000 	C:\WINDOWS\System32\shcore.dll
0x00007ffcb29c0000 - 0x00007ffcb3140000 	C:\WINDOWS\System32\windows.storage.dll
0x00007ffcb2550000 - 0x00007ffcb2573000 	C:\WINDOWS\System32\profapi.dll
0x00007ffcb2580000 - 0x00007ffcb25ca000 	C:\WINDOWS\System32\powrprof.dll
0x00007ffcb2520000 - 0x00007ffcb2530000 	C:\WINDOWS\System32\UMPDC.dll
0x00007ffcb4020000 - 0x00007ffcb4072000 	C:\WINDOWS\System32\shlwapi.dll
0x00007ffcb2530000 - 0x00007ffcb2541000 	C:\WINDOWS\System32\kernel.appcore.dll
0x00007ffcb29a0000 - 0x00007ffcb29b7000 	C:\WINDOWS\System32\cryptsp.dll
0x00007ffc93e20000 - 0x00007ffc93e3a000 	C:\Program Files\Android\Android Studio\jre\jre\bin\net.dll
0x00007ffcb1d90000 - 0x00007ffcb1df7000 	C:\WINDOWS\system32\mswsock.dll
0x00007ffc93770000 - 0x00007ffc93783000 	C:\Program Files\Android\Android Studio\jre\jre\bin\nio.dll
0x00007ffca8d30000 - 0x00007ffca8d56000 	C:\Users\user\.gradle\native\31\windows-amd64\native-platform.dll
0x00007ffca9ee0000 - 0x00007ffca9eed000 	C:\Program Files\Android\Android Studio\jre\jre\bin\management.dll
0x00007ffcb1900000 - 0x00007ffcb1933000 	C:\WINDOWS\system32\rsaenh.dll
0x00007ffcb36e0000 - 0x00007ffcb3706000 	C:\WINDOWS\System32\bcrypt.dll
0x00007ffcb2440000 - 0x00007ffcb2465000 	C:\WINDOWS\SYSTEM32\USERENV.dll
0x00007ffcb1f60000 - 0x00007ffcb1f6c000 	C:\WINDOWS\SYSTEM32\CRYPTBASE.dll
0x00007ffcb1aa0000 - 0x00007ffcb1ada000 	C:\WINDOWS\SYSTEM32\IPHLPAPI.DLL
0x00007ffcb55a0000 - 0x00007ffcb55a8000 	C:\WINDOWS\System32\NSI.dll
0x00007ffcabdc0000 - 0x00007ffcabdd6000 	C:\WINDOWS\SYSTEM32\dhcpcsvc6.DLL
0x00007ffcabd40000 - 0x00007ffcabd5c000 	C:\WINDOWS\SYSTEM32\dhcpcsvc.DLL
0x00007ffcb1ae0000 - 0x00007ffcb1bab000 	C:\WINDOWS\SYSTEM32\DNSAPI.dll
0x00007ffc7fbc0000 - 0x00007ffc7fbe4000 	C:\Program Files\Android\Android Studio\jre\jre\bin\sunec.dll
0x00007ffcac6d0000 - 0x00007ffcac6da000 	C:\Windows\System32\rasadhlp.dll
0x00007ffcaafd0000 - 0x00007ffcab047000 	C:\WINDOWS\System32\fwpuclnt.dll
0x00007ffca3230000 - 0x00007ffca323b000 	C:\Program Files\Android\Android Studio\jre\jre\bin\sunmscapi.dll
0x00007ffcb26f0000 - 0x00007ffcb2839000 	C:\WINDOWS\System32\CRYPT32.dll
0x00007ffcb25d0000 - 0x00007ffcb25e2000 	C:\WINDOWS\System32\MSASN1.dll

VM Arguments:
jvm_args: -Xmx512m -Dfile.encoding=x-windows-949 -Duser.country=KR -Duser.language=ko -Duser.variant 
java_command: org.gradle.launcher.daemon.bootstrap.GradleDaemon 6.1.1
java_class_path (initial): C:\Users\user\.gradle\wrapper\dists\gradle-6.1.1-all\cfmwm155h49vnt3hynmlrsdst\gradle-6.1.1\lib\gradle-launcher-6.1.1.jar
Launcher Type: SUN_STANDARD

Environment Variables:
PATH=C:\windows\system32;C:\windows;C:\windows\System32\Wbem;C:\windows\System32\WindowsPowerShell\v1.0\;C:\windows\System32\OpenSSH\;C:\Program Files (x86)\NVIDIA Corporation\PhysX\Common;C:\Program Files\NVIDIA Corporation\NVIDIA NvDLISR;C:\Program Files\Intel\WiFi\bin\;C:\Program Files\Common Files\Intel\WirelessCommon\;C:\WINDOWS\system32;C:\WINDOWS;C:\WINDOWS\System32\Wbem;C:\WINDOWS\System32\WindowsPowerShell\v1.0\;C:\WINDOWS\System32\OpenSSH\;C:\Program Files\Git\cmd;C:\Users\user\AppData\Local\Programs\Python\Python38-32\Scripts\;C:\Users\user\AppData\Local\Programs\Python\Python38-32\;C:\Users\user\AppData\Local\Microsoft\WindowsApps;;C:\Program Files\JetBrains\PyCharm Community Edition 2020.1.1\bin;
USERNAME=user
OS=Windows_NT
PROCESSOR_IDENTIFIER=Intel64 Family 6 Model 126 Stepping 5, GenuineIntel



---------------  S Y S T E M  ---------------

OS: Windows 10.0 , 64 bit Build 18362 (10.0.18362.900)

CPU:total 8 (initial active 8) (4 cores per cpu, 2 threads per core) family 6 model 126 stepping 5, cmov, cx8, fxsr, mmx, sse, sse2, sse3, ssse3, sse4.1, sse4.2, popcnt, avx, avx2, aes, clmul, erms, 3dnowpref, lzcnt, ht, tsc, tscinvbit, bmi1, bmi2, adx

Memory: 4k page, physical 8144596k(740332k free), swap 10079956k(2104k free)

vm_info: OpenJDK 64-Bit Server VM (25.242-b01) for windows-amd64 JRE (1.8.0_242-release-1644-b01), built by "builder" with MS VC++ 10.0 (VS2010)

time: Thu Jun 11 23:50:43 2020
timezone: 대한민국 표준시
elapsed time: 3903 seconds (0d 1h 5m 3s)

