#
# There is insufficient memory for the Java Runtime Environment to continue.
# Native memory allocation (malloc) failed to allocate 1577984 bytes for Chunk::new
# Possible reasons:
#   The system is out of physical RAM or swap space
#   The process is running with CompressedOops enabled, and the Java Heap may be blocking the growth of the native heap
# Possible solutions:
#   Reduce memory load on the system
#   Increase physical memory or swap space
#   Check if swap backing store is full
#   Decrease Java heap size (-Xmx/-Xms)
#   Decrease number of Java threads
#   Decrease Java thread stack sizes (-Xss)
#   Set larger code cache with -XX:ReservedCodeCacheSize=
#   JVM is running with Unscaled Compressed Oops mode in which the Java heap is
#     placed in the first 4GB address space. The Java Heap base address is the
#     maximum limit for the native heap growth. Please use -XX:HeapBaseMinAddress
#     to set the Java Heap base and to place the Java Heap above 4GB virtual address.
# This output file may be truncated or incomplete.
#
#  Out of Memory Error (allocation.cpp:389), pid=22840, tid=0x0000000000005a24
#
# JRE version: OpenJDK Runtime Environment (8.0_212-b04) (build 1.8.0_212-release-1586-b04)
# Java VM: OpenJDK 64-Bit Server VM (25.212-b04 mixed mode windows-amd64 compressed oops)
# Failed to write core dump. Minidumps are not enabled by default on client versions of Windows
#

---------------  T H R E A D  ---------------

Current thread (0x0000000018ac2800):  JavaThread "C2 CompilerThread2" daemon [_thread_in_native, id=23076, stack(0x00000000194c0000,0x00000000195c0000)]

Stack: [0x00000000194c0000,0x00000000195c0000]
[error occurred during error reporting (printing stack bounds), id 0xc0000005]

Native frames: (J=compiled Java code, j=interpreted, Vv=VM code, C=native code)


Current CompileTask:
C2:   6282 2706       4       groovy.lang.MetaClassImpl$1MOPIter::methodNameAction (325 bytes)


---------------  P R O C E S S  ---------------

Java Threads: ( => current thread )
  0x000000001f3a4800 JavaThread "Cache worker for execution history cache (C:\Users\user\.gradle\caches\5.6.4\executionHistory)" [_thread_blocked, id=4128, stack(0x00000000212f0000,0x00000000213f0000)]
  0x000000001f3a3000 JavaThread "Cache worker for cache directory md-rule (C:\Users\user\.gradle\caches\5.6.4\md-rule)" [_thread_blocked, id=3224, stack(0x00000000211f0000,0x00000000212f0000)]
  0x000000001f3a7800 JavaThread "Cache worker for cache directory md-supplier (C:\Users\user\.gradle\caches\5.6.4\md-supplier)" [_thread_blocked, id=13024, stack(0x000000001feb0000,0x000000001ffb0000)]
  0x000000001a744000 JavaThread "Cache worker for file hash cache (C:\Users\user\AndroidStudioProjects\CookBaB\.gradle\5.6.4\fileHashes)" [_thread_blocked, id=904, stack(0x000000001f790000,0x000000001f890000)]
  0x000000001a74a000 JavaThread "Cache worker for journal cache (C:\Users\user\.gradle\caches\journal-1)" [_thread_blocked, id=26348, stack(0x000000001d460000,0x000000001d560000)]
  0x000000001a748800 JavaThread "File lock request listener" [_thread_in_native, id=22736, stack(0x000000001d360000,0x000000001d460000)]
  0x000000001a747800 JavaThread "Cache worker for file hash cache (C:\Users\user\.gradle\caches\5.6.4\fileHashes)" [_thread_blocked, id=1576, stack(0x000000001d260000,0x000000001d360000)]
  0x000000001b4b3800 JavaThread "Thread-9" [_thread_blocked, id=20172, stack(0x000000001cf60000,0x000000001d060000)]
  0x000000001b47b800 JavaThread "Stdin handler" [_thread_blocked, id=11712, stack(0x000000001ce60000,0x000000001cf60000)]
  0x000000001b49b800 JavaThread "Asynchronous log dispatcher for DefaultDaemonConnection: socket connection from /127.0.0.1:53015 to /127.0.0.1:53016" [_thread_blocked, id=9056, stack(0x000000001cc60000,0x000000001cd60000)]
  0x000000001b475800 JavaThread "Daemon worker" [_thread_in_vm, id=25084, stack(0x000000001cb60000,0x000000001cc60000)]
  0x000000001b4b9800 JavaThread "Cancel handler" [_thread_blocked, id=9336, stack(0x000000001ca60000,0x000000001cb60000)]
  0x000000001b455000 JavaThread "Handler for socket connection from /127.0.0.1:53015 to /127.0.0.1:53016" [_thread_in_native, id=8332, stack(0x000000001c760000,0x000000001c860000)]
  0x000000001b402800 JavaThread "Daemon" [_thread_blocked, id=12428, stack(0x000000001c660000,0x000000001c760000)]
  0x000000001b3f3000 JavaThread "Daemon periodic checks" [_thread_blocked, id=20040, stack(0x000000001c560000,0x000000001c660000)]
  0x000000001b3f1000 JavaThread "Incoming local TCP Connector on port 53015" [_thread_in_native, id=7504, stack(0x000000001c380000,0x000000001c480000)]
  0x0000000019c5a000 JavaThread "Daemon health stats" [_thread_blocked, id=25652, stack(0x000000001c060000,0x000000001c160000)]
  0x0000000018b51800 JavaThread "Service Thread" daemon [_thread_blocked, id=23296, stack(0x00000000196c0000,0x00000000197c0000)]
  0x0000000018acb000 JavaThread "C1 CompilerThread3" daemon [_thread_blocked, id=1976, stack(0x00000000195c0000,0x00000000196c0000)]
=>0x0000000018ac2800 JavaThread "C2 CompilerThread2" daemon [_thread_in_native, id=23076, stack(0x00000000194c0000,0x00000000195c0000)]
  0x0000000018a6c000 JavaThread "C2 CompilerThread1" daemon [_thread_in_native, id=11972, stack(0x00000000193c0000,0x00000000194c0000)]
  0x0000000018a6a000 JavaThread "C2 CompilerThread0" daemon [_thread_in_native, id=7472, stack(0x00000000192c0000,0x00000000193c0000)]
  0x0000000018a68000 JavaThread "Attach Listener" daemon [_thread_blocked, id=25984, stack(0x00000000191c0000,0x00000000192c0000)]
  0x0000000018ac0000 JavaThread "Signal Dispatcher" daemon [_thread_blocked, id=21800, stack(0x00000000190c0000,0x00000000191c0000)]
  0x0000000016c42800 JavaThread "Finalizer" daemon [_thread_blocked, id=25960, stack(0x0000000018f30000,0x0000000019030000)]
  0x0000000002e57800 JavaThread "Reference Handler" daemon [_thread_blocked, id=3416, stack(0x0000000018e30000,0x0000000018f30000)]
  0x0000000002d5d800 JavaThread "main" [_thread_blocked, id=6008, stack(0x0000000002c40000,0x0000000002d40000)]

Other Threads:
  0x0000000016c37800 VMThread [stack: 0x0000000018930000,0x0000000018a30000] [id=22688]
  0x0000000018b52800 WatcherThread [stack: 0x00000000197c0000,0x00000000198c0000] [id=20860]

VM state:not at safepoint (normal execution)

VM Mutex/Monitor currently owned by a thread: None

heap address: 0x00000000a0000000, size: 1536 MB, Compressed Oops mode: 32-bit
Narrow klass base: 0x0000000000000000, Narrow klass shift: 3
Compressed class space size: 1073741824 Address: 0x0000000100000000

Heap:
 PSYoungGen      total 113664K, used 22008K [0x00000000e0000000, 0x00000000e7c00000, 0x0000000100000000)
  eden space 100864K, 21% used [0x00000000e0000000,0x00000000e157e238,0x00000000e6280000)
  from space 12800K, 0% used [0x00000000e6280000,0x00000000e6280000,0x00000000e6f00000)
  to   space 11776K, 0% used [0x00000000e6f00000,0x00000000e6f00000,0x00000000e7a80000)
 ParOldGen       total 61440K, used 15663K [0x00000000a0000000, 0x00000000a3c00000, 0x00000000e0000000)
  object space 61440K, 25% used [0x00000000a0000000,0x00000000a0f4bcc0,0x00000000a3c00000)
 Metaspace       used 35788K, capacity 36520K, committed 36736K, reserved 1081344K
  class space    used 4722K, capacity 4914K, committed 4992K, reserved 1048576K

Card table byte_map: [0x0000000012220000,0x0000000012530000] byte_map_base: 0x0000000011d20000

Marking Bits: (ParMarkBitMap*) 0x00000000767c9f30
 Begin Bits: [0x0000000012f30000, 0x0000000014730000)
 End Bits:   [0x0000000014730000, 0x0000000015f30000)

Polling page: 0x0000000002840000

CodeCache: size=245760Kb used=12201Kb max_used=12208Kb free=233558Kb
 bounds [0x0000000002e60000, 0x0000000003a60000, 0x0000000011e60000]
 total_blobs=3851 nmethods=3131 adapters=632
 compilation: enabled

Compilation events (10 events):
Event: 6.265 Thread 0x0000000018acb000 3185       3       com.google.common.collect.AbstractMapBasedMultimap$WrappedCollection::refreshIfEmpty (78 bytes)
Event: 6.268 Thread 0x0000000018acb000 nmethod 3185 0x0000000002f71c90 code [0x0000000002f71e40, 0x0000000002f72578]
Event: 6.268 Thread 0x0000000018acb000 3187       3       org.objectweb.asm.ByteVector::enlarge (51 bytes)
Event: 6.268 Thread 0x0000000018acb000 nmethod 3187 0x0000000002f89850 code [0x0000000002f899c0, 0x0000000002f89ce8]
Event: 6.268 Thread 0x0000000018a6c000 nmethod 3186 0x0000000002f87d50 code [0x0000000002f87ea0, 0x0000000002f881b8]
Event: 6.272 Thread 0x0000000018acb000 3188       3       sun.reflect.generics.parser.SignatureParser::parseTypeArgument (133 bytes)
Event: 6.273 Thread 0x0000000018acb000 nmethod 3188 0x0000000002fd18d0 code [0x0000000002fd1ba0, 0x0000000002fd31a8]
Event: 6.273 Thread 0x0000000018acb000 3189       3       org.gradle.internal.service.DefaultServiceRegistry$InstanceUnpackingVisitor::visit (24 bytes)
Event: 6.274 Thread 0x0000000018acb000 nmethod 3189 0x0000000002f88e90 code [0x0000000002f89040, 0x0000000002f89618]
Event: 6.275 Thread 0x0000000018a6c000 3190       4       java.util.zip.ZipCoder::toString (190 bytes)

GC Heap History (10 events):
Event: 4.007 GC heap before
{Heap before GC invocations=7 (full 1):
 PSYoungGen      total 75264K, used 9755K [0x00000000e0000000, 0x00000000e5700000, 0x0000000100000000)
  eden space 64512K, 0% used [0x00000000e0000000,0x00000000e0000000,0x00000000e3f00000)
  from space 10752K, 90% used [0x00000000e4a80000,0x00000000e5406fc8,0x00000000e5500000)
  to   space 11776K, 0% used [0x00000000e3f00000,0x00000000e3f00000,0x00000000e4a80000)
 ParOldGen       total 86016K, used 7936K [0x00000000a0000000, 0x00000000a5400000, 0x00000000e0000000)
  object space 86016K, 9% used [0x00000000a0000000,0x00000000a07c01c0,0x00000000a5400000)
 Metaspace       used 20760K, capacity 21262K, committed 21296K, reserved 1067008K
  class space    used 3010K, capacity 3174K, committed 3200K, reserved 1048576K
Event: 4.043 GC heap after
Heap after GC invocations=7 (full 1):
 PSYoungGen      total 75264K, used 0K [0x00000000e0000000, 0x00000000e5700000, 0x0000000100000000)
  eden space 64512K, 0% used [0x00000000e0000000,0x00000000e0000000,0x00000000e3f00000)
  from space 10752K, 0% used [0x00000000e4a80000,0x00000000e4a80000,0x00000000e5500000)
  to   space 11776K, 0% used [0x00000000e3f00000,0x00000000e3f00000,0x00000000e4a80000)
 ParOldGen       total 61440K, used 10527K [0x00000000a0000000, 0x00000000a3c00000, 0x00000000e0000000)
  object space 61440K, 17% used [0x00000000a0000000,0x00000000a0a47ed0,0x00000000a3c00000)
 Metaspace       used 20760K, capacity 21262K, committed 21296K, reserved 1067008K
  class space    used 3010K, capacity 3174K, committed 3200K, reserved 1048576K
}
Event: 4.719 GC heap before
{Heap before GC invocations=8 (full 1):
 PSYoungGen      total 75264K, used 64512K [0x00000000e0000000, 0x00000000e5700000, 0x0000000100000000)
  eden space 64512K, 100% used [0x00000000e0000000,0x00000000e3f00000,0x00000000e3f00000)
  from space 10752K, 0% used [0x00000000e4a80000,0x00000000e4a80000,0x00000000e5500000)
  to   space 11776K, 0% used [0x00000000e3f00000,0x00000000e3f00000,0x00000000e4a80000)
 ParOldGen       total 61440K, used 10527K [0x00000000a0000000, 0x00000000a3c00000, 0x00000000e0000000)
  object space 61440K, 17% used [0x00000000a0000000,0x00000000a0a47ed0,0x00000000a3c00000)
 Metaspace       used 28460K, capacity 29078K, committed 29312K, reserved 1075200K
  class space    used 3898K, capacity 4112K, committed 4224K, reserved 1048576K
Event: 4.725 GC heap after
Heap after GC invocations=8 (full 1):
 PSYoungGen      total 76288K, used 7651K [0x00000000e0000000, 0x00000000e7a80000, 0x0000000100000000)
  eden space 64512K, 0% used [0x00000000e0000000,0x00000000e0000000,0x00000000e3f00000)
  from space 11776K, 64% used [0x00000000e3f00000,0x00000000e4678c18,0x00000000e4a80000)
  to   space 11776K, 0% used [0x00000000e6f00000,0x00000000e6f00000,0x00000000e7a80000)
 ParOldGen       total 61440K, used 10535K [0x00000000a0000000, 0x00000000a3c00000, 0x00000000e0000000)
  object space 61440K, 17% used [0x00000000a0000000,0x00000000a0a49ed0,0x00000000a3c00000)
 Metaspace       used 28460K, capacity 29078K, committed 29312K, reserved 1075200K
  class space    used 3898K, capacity 4112K, committed 4224K, reserved 1048576K
}
Event: 5.675 GC heap before
{Heap before GC invocations=9 (full 1):
 PSYoungGen      total 76288K, used 72163K [0x00000000e0000000, 0x00000000e7a80000, 0x0000000100000000)
  eden space 64512K, 100% used [0x00000000e0000000,0x00000000e3f00000,0x00000000e3f00000)
  from space 11776K, 64% used [0x00000000e3f00000,0x00000000e4678c18,0x00000000e4a80000)
  to   space 11776K, 0% used [0x00000000e6f00000,0x00000000e6f00000,0x00000000e7a80000)
 ParOldGen       total 61440K, used 10535K [0x00000000a0000000, 0x00000000a3c00000, 0x00000000e0000000)
  object space 61440K, 17% used [0x00000000a0000000,0x00000000a0a49ed0,0x00000000a3c00000)
 Metaspace       used 33555K, capacity 34196K, committed 34432K, reserved 1079296K
  class space    used 4500K, capacity 4698K, committed 4736K, reserved 1048576K
Event: 5.686 GC heap after
Heap after GC invocations=9 (full 1):
 PSYoungGen      total 112640K, used 10607K [0x00000000e0000000, 0x00000000e7c00000, 0x0000000100000000)
  eden space 100864K, 0% used [0x00000000e0000000,0x00000000e0000000,0x00000000e6280000)
  from space 11776K, 90% used [0x00000000e6f00000,0x00000000e795bd70,0x00000000e7a80000)
  to   space 12800K, 0% used [0x00000000e6280000,0x00000000e6280000,0x00000000e6f00000)
 ParOldGen       total 61440K, used 10543K [0x00000000a0000000, 0x00000000a3c00000, 0x00000000e0000000)
  object space 61440K, 17% used [0x00000000a0000000,0x00000000a0a4bed0,0x00000000a3c00000)
 Metaspace       used 33555K, capacity 34196K, committed 34432K, reserved 1079296K
  class space    used 4500K, capacity 4698K, committed 4736K, reserved 1048576K
}
Event: 5.916 GC heap before
{Heap before GC invocations=10 (full 1):
 PSYoungGen      total 112640K, used 25594K [0x00000000e0000000, 0x00000000e7c00000, 0x0000000100000000)
  eden space 100864K, 14% used [0x00000000e0000000,0x00000000e0ea2dc8,0x00000000e6280000)
  from space 11776K, 90% used [0x00000000e6f00000,0x00000000e795bd70,0x00000000e7a80000)
  to   space 12800K, 0% used [0x00000000e6280000,0x00000000e6280000,0x00000000e6f00000)
 ParOldGen       total 61440K, used 10543K [0x00000000a0000000, 0x00000000a3c00000, 0x00000000e0000000)
  object space 61440K, 17% used [0x00000000a0000000,0x00000000a0a4bed0,0x00000000a3c00000)
 Metaspace       used 34520K, capacity 35396K, committed 35496K, reserved 1079296K
  class space    used 4582K, capacity 4817K, committed 4864K, reserved 1048576K
Event: 5.921 GC heap after
Heap after GC invocations=10 (full 1):
 PSYoungGen      total 113664K, used 7836K [0x00000000e0000000, 0x00000000e7c00000, 0x0000000100000000)
  eden space 100864K, 0% used [0x00000000e0000000,0x00000000e0000000,0x00000000e6280000)
  from space 12800K, 61% used [0x00000000e6280000,0x00000000e6a27368,0x00000000e6f00000)
  to   space 11776K, 0% used [0x00000000e6f00000,0x00000000e6f00000,0x00000000e7a80000)
 ParOldGen       total 61440K, used 10551K [0x00000000a0000000, 0x00000000a3c00000, 0x00000000e0000000)
  object space 61440K, 17% used [0x00000000a0000000,0x00000000a0a4ded0,0x00000000a3c00000)
 Metaspace       used 34520K, capacity 35396K, committed 35496K, reserved 1079296K
  class space    used 4582K, capacity 4817K, committed 4864K, reserved 1048576K
}
Event: 5.921 GC heap before
{Heap before GC invocations=11 (full 2):
 PSYoungGen      total 113664K, used 7836K [0x00000000e0000000, 0x00000000e7c00000, 0x0000000100000000)
  eden space 100864K, 0% used [0x00000000e0000000,0x00000000e0000000,0x00000000e6280000)
  from space 12800K, 61% used [0x00000000e6280000,0x00000000e6a27368,0x00000000e6f00000)
  to   space 11776K, 0% used [0x00000000e6f00000,0x00000000e6f00000,0x00000000e7a80000)
 ParOldGen       total 61440K, used 10551K [0x00000000a0000000, 0x00000000a3c00000, 0x00000000e0000000)
  object space 61440K, 17% used [0x00000000a0000000,0x00000000a0a4ded0,0x00000000a3c00000)
 Metaspace       used 34520K, capacity 35396K, committed 35496K, reserved 1079296K
  class space    used 4582K, capacity 4817K, committed 4864K, reserved 1048576K
Event: 5.965 GC heap after
Heap after GC invocations=11 (full 2):
 PSYoungGen      total 113664K, used 0K [0x00000000e0000000, 0x00000000e7c00000, 0x0000000100000000)
  eden space 100864K, 0% used [0x00000000e0000000,0x00000000e0000000,0x00000000e6280000)
  from space 12800K, 0% used [0x00000000e6280000,0x00000000e6280000,0x00000000e6f00000)
  to   space 11776K, 0% used [0x00000000e6f00000,0x00000000e6f00000,0x00000000e7a80000)
 ParOldGen       total 61440K, used 15663K [0x00000000a0000000, 0x00000000a3c00000, 0x00000000e0000000)
  object space 61440K, 25% used [0x00000000a0000000,0x00000000a0f4bcc0,0x00000000a3c00000)
 Metaspace       used 34474K, capacity 35292K, committed 35496K, reserved 1079296K
  class space    used 4571K, capacity 4805K, committed 4864K, reserved 1048576K
}

Deoptimization events (10 events):
Event: 4.449 Thread 0x000000001b475800 Uncommon trap: reason=unstable_if action=reinterpret pc=0x000000000324bba8 method=java.util.HashMap.hash(Ljava/lang/Object;)I @ 1
Event: 4.516 Thread 0x000000001b475800 Uncommon trap: reason=unstable_if action=reinterpret pc=0x000000000310100c method=java.io.WinNTFileSystem.resolve(Ljava/lang/String;Ljava/lang/String;)Ljava/lang/String; @ 49
Event: 4.543 Thread 0x000000001b475800 Uncommon trap: reason=unstable_if action=reinterpret pc=0x00000000032a4670 method=java.util.LinkedHashMap.afterNodeInsertion(Z)V @ 1
Event: 4.733 Thread 0x000000001b475800 Uncommon trap: reason=unstable_if action=reinterpret pc=0x00000000030e3e44 method=java.util.HashMap.getNode(ILjava/lang/Object;)Ljava/util/HashMap$Node; @ 129
Event: 5.216 Thread 0x000000001b475800 Uncommon trap: reason=unstable_if action=reinterpret pc=0x00000000037a63ac method=groovyjarjarantlr.CharQueue.append(C)V @ 9
Event: 5.259 Thread 0x000000001b475800 Uncommon trap: reason=unstable_if action=reinterpret pc=0x00000000034d6db8 method=java.io.BufferedInputStream.read([BII)I @ 56
Event: 5.610 Thread 0x000000001b475800 Uncommon trap: reason=predicate action=maybe_recompile pc=0x00000000037ba76c method=groovyjarjarantlr.InputBuffer.syncConsume()V @ 7
Event: 5.807 Thread 0x000000001b475800 Uncommon trap: reason=unstable_if action=reinterpret pc=0x0000000003711b08 method=org.objectweb.asm.ByteVector.putShort(I)Lorg/objectweb/asm/ByteVector; @ 13
Event: 5.843 Thread 0x000000001b475800 Uncommon trap: reason=unstable_if action=reinterpret pc=0x0000000003786808 method=java.lang.ClassValue.match(Ljava/lang/ClassValue$Entry;)Z @ 12
Event: 6.014 Thread 0x000000001b475800 Uncommon trap: reason=predicate action=maybe_recompile pc=0x0000000003991428 method=java.util.Arrays.binarySearch0([Ljava/lang/Object;IILjava/lang/Object;Ljava/util/Comparator;)I @ 28

Classes redefined (0 events):
No events

Internal exceptions (10 events):
Event: 6.146 Thread 0x000000001b475800 Exception <a 'java/lang/ClassNotFoundException': settings_47g2g776qs1xzazqlfq916fusBeanInfo> (0x00000000e0d4cf60) thrown at [D:\src\AOSP-openjdk-cygwin\jdk8u\hotspot\src\share\vm\classfile\systemDictionary.cpp, line 210]
Event: 6.146 Thread 0x000000001b475800 Exception <a 'java/lang/ClassNotFoundException': org/gradle/initialization/SettingsScriptBeanInfo> (0x00000000e0d640e0) thrown at [D:\src\AOSP-openjdk-cygwin\jdk8u\hotspot\src\share\vm\classfile\systemDictionary.cpp, line 210]
Event: 6.147 Thread 0x000000001b475800 Exception <a 'java/lang/ClassNotFoundException': org/gradle/initialization/SettingsScriptCustomizer> (0x00000000e0d7b2a0) thrown at [D:\src\AOSP-openjdk-cygwin\jdk8u\hotspot\src\share\vm\classfile\systemDictionary.cpp, line 210]
Event: 6.148 Thread 0x000000001b475800 Exception <a 'java/lang/ClassNotFoundException': settings_47g2g776qs1xzazqlfq916fusCustomizer> (0x00000000e0d8fd68) thrown at [D:\src\AOSP-openjdk-cygwin\jdk8u\hotspot\src\share\vm\classfile\systemDictionary.cpp, line 210]
Event: 6.152 Thread 0x000000001b475800 Exception <a 'java/lang/ClassNotFoundException': org/gradle/initialization/DefaultSettings_DecoratedBeanInfo> (0x00000000e0e2c048) thrown at [D:\src\AOSP-openjdk-cygwin\jdk8u\hotspot\src\share\vm\classfile\systemDictionary.cpp, line 210]
Event: 6.154 Thread 0x000000001b475800 Exception <a 'java/lang/ClassNotFoundException': org/gradle/initialization/DefaultSettingsBeanInfo> (0x00000000e0e5b9f0) thrown at [D:\src\AOSP-openjdk-cygwin\jdk8u\hotspot\src\share\vm\classfile\systemDictionary.cpp, line 210]
Event: 6.155 Thread 0x000000001b475800 Exception <a 'java/lang/ClassNotFoundException': org/gradle/initialization/DefaultSettingsCustomizer> (0x00000000e0e8d498) thrown at [D:\src\AOSP-openjdk-cygwin\jdk8u\hotspot\src\share\vm\classfile\systemDictionary.cpp, line 210]
Event: 6.158 Thread 0x000000001b475800 Exception <a 'java/lang/ClassNotFoundException': org/gradle/initialization/DefaultSettings_DecoratedCustomizer> (0x00000000e0efbfa8) thrown at [D:\src\AOSP-openjdk-cygwin\jdk8u\hotspot\src\share\vm\classfile\systemDictionary.cpp, line 210]
Event: 6.164 Thread 0x000000001b475800 Exception <a 'java/lang/ClassNotFoundException': org/gradle/initialization/DefaultProjectDescriptorBeanInfo> (0x00000000e0fa1308) thrown at [D:\src\AOSP-openjdk-cygwin\jdk8u\hotspot\src\share\vm\classfile\systemDictionary.cpp, line 210]
Event: 6.165 Thread 0x000000001b475800 Exception <a 'java/lang/ClassNotFoundException': org/gradle/initialization/DefaultProjectDescriptorCustomizer> (0x00000000e0fd5798) thrown at [D:\src\AOSP-openjdk-cygwin\jdk8u\hotspot\src\share\vm\classfile\systemDictionary.cpp, line 210]

Events (10 events):
Event: 6.278 loading class org/gradle/api/internal/tasks/JavaToolChainFactory
Event: 6.278 loading class org/gradle/api/internal/tasks/JavaToolChainFactory done
Event: 6.278 loading class org/gradle/language/java/internal/JavaLanguagePluginServiceRegistry$JavaProjectScopeServices
Event: 6.278 loading class org/gradle/language/java/internal/JavaLanguagePluginServiceRegistry$JavaProjectScopeServices done
Event: 6.279 loading class org/gradle/api/internal/tasks/compile/incremental/IncrementalCompilerFactory
Event: 6.279 loading class org/gradle/api/internal/tasks/compile/incremental/IncrementalCompilerFactory done
Event: 6.279 loading class org/gradle/buildinit/plugins/internal/services/BuildInitServices$ProjectScopeBuildInitServices
Event: 6.279 loading class org/gradle/buildinit/plugins/internal/services/BuildInitServices$ProjectScopeBuildInitServices done
Event: 6.280 loading class org/gradle/buildinit/plugins/internal/ProjectLayoutSetupRegistry
Event: 6.280 loading class org/gradle/buildinit/plugins/internal/ProjectLayoutSetupRegistry done


Dynamic libraries:
0x00007ff7038b0000 - 0x00007ff7038e1000 	C:\Program Files\Android\Android Studio\jre\bin\java.exe
0x00007fff01320000 - 0x00007fff01510000 	C:\WINDOWS\SYSTEM32\ntdll.dll
0x00007fff00f90000 - 0x00007fff01042000 	C:\WINDOWS\System32\KERNEL32.DLL
0x00007ffeff050000 - 0x00007ffeff2f4000 	C:\WINDOWS\System32\KERNELBASE.dll
0x00007fff00e50000 - 0x00007fff00ef3000 	C:\WINDOWS\System32\ADVAPI32.dll
0x00007fff00270000 - 0x00007fff0030e000 	C:\WINDOWS\System32\msvcrt.dll
0x00007fff01190000 - 0x00007fff01227000 	C:\WINDOWS\System32\sechost.dll
0x00007fff00bf0000 - 0x00007fff00d10000 	C:\WINDOWS\System32\RPCRT4.dll
0x00007fff00580000 - 0x00007fff00714000 	C:\WINDOWS\System32\USER32.dll
0x00007ffeff3a0000 - 0x00007ffeff3c1000 	C:\WINDOWS\System32\win32u.dll
0x00007fff00a20000 - 0x00007fff00a46000 	C:\WINDOWS\System32\GDI32.dll
0x00007ffefec30000 - 0x00007ffefedc4000 	C:\WINDOWS\System32\gdi32full.dll
0x00007ffeff300000 - 0x00007ffeff39e000 	C:\WINDOWS\System32\msvcp_win.dll
0x00007ffefee60000 - 0x00007ffefef5a000 	C:\WINDOWS\System32\ucrtbase.dll
0x00007ffee98e0000 - 0x00007ffee9b64000 	C:\WINDOWS\WinSxS\amd64_microsoft.windows.common-controls_6595b64144ccf1df_6.0.18362.836_none_e6c4b943130f18ed\COMCTL32.dll
0x00007ffeff3d0000 - 0x00007ffeff706000 	C:\WINDOWS\System32\combase.dll
0x00007ffefef60000 - 0x00007ffefefe0000 	C:\WINDOWS\System32\bcryptPrimitives.dll
0x00007fff00310000 - 0x00007fff0033e000 	C:\WINDOWS\System32\IMM32.DLL
0x00000000773b0000 - 0x0000000077482000 	C:\Program Files\Android\Android Studio\jre\jre\bin\msvcr100.dll
0x0000000076000000 - 0x0000000076846000 	C:\Program Files\Android\Android Studio\jre\jre\bin\server\jvm.dll
0x00007fff00a10000 - 0x00007fff00a18000 	C:\WINDOWS\System32\PSAPI.DLL
0x00007ffee1ce0000 - 0x00007ffee1ce9000 	C:\WINDOWS\SYSTEM32\WSOCK32.dll
0x00007ffef5d80000 - 0x00007ffef5d8a000 	C:\WINDOWS\SYSTEM32\VERSION.dll
0x00007ffef9ae0000 - 0x00007ffef9b04000 	C:\WINDOWS\SYSTEM32\WINMM.dll
0x00007fff00f20000 - 0x00007fff00f8f000 	C:\WINDOWS\System32\WS2_32.dll
0x00007ffef9ab0000 - 0x00007ffef9add000 	C:\WINDOWS\SYSTEM32\winmmbase.dll
0x00007ffefefe0000 - 0x00007ffeff02a000 	C:\WINDOWS\System32\cfgmgr32.dll
0x00007ffef8200000 - 0x00007ffef820f000 	C:\Program Files\Android\Android Studio\jre\jre\bin\verify.dll
0x00007ffedd1c0000 - 0x00007ffedd1e9000 	C:\Program Files\Android\Android Studio\jre\jre\bin\java.dll
0x00007ffee79d0000 - 0x00007ffee79e6000 	C:\Program Files\Android\Android Studio\jre\jre\bin\zip.dll
0x00007ffeff710000 - 0x00007ffeffdf4000 	C:\WINDOWS\System32\SHELL32.dll
0x00007fff01050000 - 0x00007fff010f9000 	C:\WINDOWS\System32\shcore.dll
0x00007ffefe2b0000 - 0x00007ffefea2e000 	C:\WINDOWS\System32\windows.storage.dll
0x00007ffefe240000 - 0x00007ffefe263000 	C:\WINDOWS\System32\profapi.dll
0x00007ffefe1f0000 - 0x00007ffefe23a000 	C:\WINDOWS\System32\powrprof.dll
0x00007ffefe1e0000 - 0x00007ffefe1f0000 	C:\WINDOWS\System32\UMPDC.dll
0x00007fff00a50000 - 0x00007fff00aa2000 	C:\WINDOWS\System32\shlwapi.dll
0x00007ffefe290000 - 0x00007ffefe2a1000 	C:\WINDOWS\System32\kernel.appcore.dll
0x00007ffeff030000 - 0x00007ffeff047000 	C:\WINDOWS\System32\cryptsp.dll
0x00007ffee0f00000 - 0x00007ffee0f1a000 	C:\Program Files\Android\Android Studio\jre\jre\bin\net.dll
0x00007ffeee150000 - 0x00007ffeee326000 	C:\WINDOWS\SYSTEM32\urlmon.dll
0x00007ffeee450000 - 0x00007ffeee6f6000 	C:\WINDOWS\SYSTEM32\iertutil.dll
0x00007ffefdc20000 - 0x00007ffefdc2c000 	C:\WINDOWS\SYSTEM32\CRYPTBASE.DLL
0x00007ffefda50000 - 0x00007ffefdab7000 	C:\WINDOWS\system32\mswsock.dll
0x00007ffedd1a0000 - 0x00007ffedd1b3000 	C:\Program Files\Android\Android Studio\jre\jre\bin\nio.dll
0x00007ffeeff50000 - 0x00007ffeeff76000 	C:\Users\user\.gradle\native\30\windows-amd64\native-platform.dll
0x00007ffef81f0000 - 0x00007ffef81fd000 	C:\Program Files\Android\Android Studio\jre\jre\bin\management.dll
0x00007ffefd5c0000 - 0x00007ffefd5f3000 	C:\WINDOWS\system32\rsaenh.dll
0x00007ffefedd0000 - 0x00007ffefedf6000 	C:\WINDOWS\System32\bcrypt.dll
0x00007ffefe0d0000 - 0x00007ffefe0f5000 	C:\WINDOWS\SYSTEM32\USERENV.dll
0x00007ffefd760000 - 0x00007ffefd79a000 	C:\WINDOWS\SYSTEM32\IPHLPAPI.DLL
0x00007fff01180000 - 0x00007fff01188000 	C:\WINDOWS\System32\NSI.dll
0x00007ffef5db0000 - 0x00007ffef5dc6000 	C:\WINDOWS\SYSTEM32\dhcpcsvc6.DLL
0x00007ffef5d90000 - 0x00007ffef5dac000 	C:\WINDOWS\SYSTEM32\dhcpcsvc.DLL
0x00007ffefd7b0000 - 0x00007ffefd87b000 	C:\WINDOWS\SYSTEM32\DNSAPI.dll

VM Arguments:
jvm_args: -Xmx1536m -Dfile.encoding=x-windows-949 -Duser.country=KR -Duser.language=ko -Duser.variant 
java_command: org.gradle.launcher.daemon.bootstrap.GradleDaemon 5.6.4
java_class_path (initial): C:\Users\user\.gradle\wrapper\dists\gradle-5.6.4-all\ankdp27end7byghfw1q2sw75f\gradle-5.6.4\lib\gradle-launcher-5.6.4.jar
Launcher Type: SUN_STANDARD

Environment Variables:
PATH=C:\windows\system32;C:\windows;C:\windows\System32\Wbem;C:\windows\System32\WindowsPowerShell\v1.0\;C:\windows\System32\OpenSSH\;C:\Program Files (x86)\NVIDIA Corporation\PhysX\Common;C:\Program Files\NVIDIA Corporation\NVIDIA NvDLISR;C:\Program Files\Intel\WiFi\bin\;C:\Program Files\Common Files\Intel\WirelessCommon\;C:\WINDOWS\system32;C:\WINDOWS;C:\WINDOWS\System32\Wbem;C:\WINDOWS\System32\WindowsPowerShell\v1.0\;C:\WINDOWS\System32\OpenSSH\;C:\Program Files\Git\cmd;C:\Users\user\AppData\Local\Programs\Python\Python38-32\Scripts\;C:\Users\user\AppData\Local\Programs\Python\Python38-32\;C:\Users\user\AppData\Local\Microsoft\WindowsApps;;C:\Program Files\JetBrains\PyCharm Community Edition 2020.1.1\bin;
USERNAME=user
OS=Windows_NT
PROCESSOR_IDENTIFIER=Intel64 Family 6 Model 126 Stepping 5, GenuineIntel



---------------  S Y S T E M  ---------------

OS: Windows 10.0 , 64 bit Build 18362 (10.0.18362.778)

CPU:total 8 (initial active 8) (4 cores per cpu, 2 threads per core) family 6 model 126 stepping 5, cmov, cx8, fxsr, mmx, sse, sse2, sse3, ssse3, sse4.1, sse4.2, popcnt, avx, avx2, aes, clmul, erms, 3dnowpref, lzcnt, ht, tsc, tscinvbit, bmi1, bmi2, adx

Memory: 4k page, physical 8144596k(1039552k free), swap 10079956k(5928k free)

vm_info: OpenJDK 64-Bit Server VM (25.212-b04) for windows-amd64 JRE (1.8.0_212-release-1586-b04), built by "builder" with MS VC++ 10.0 (VS2010)

time: Wed May 20 21:12:37 2020
timezone: 대한민국 표준시
elapsed time: 6 seconds (0d 0h 0m 6s)

